# JRE version: OpenJDK Runtime Environment Temurin-21.0.6+7 (21.0.6+7) (build 21.0.6+7-LTS)
# Java VM: OpenJDK 64-Bit Server VM Temurin-21.0.6+7 (21.0.6+7-LTS, mixed mode, emulated-client, sharing, tiered, compressed oops, compressed class ptrs, g1 gc, bsd-aarch64)
GC Precious Log:
 CardTable entry size: 512
 Card Set container configuration: InlinePtr #cards 4 size 8 Array Of Cards #cards 64 size 144 Howl #buckets 8 coarsen threshold 14745 Howl Bitmap #cards 2048 size 272 coarsen threshold 1843 Card regions per heap region 1 cards per card region 16384
 CPUs: 16 total, 16 available
 Memory: 65536M
 Large Page Support: Disabled
 NUMA Support: Disabled
 Compressed Oops: Enabled (Non-zero disjoint base)
 Heap Region Size: 8M
 Heap Min Capacity: 8M
 Heap Initial Capacity: 1G
 Heap Max Capacity: 16G
 Pre-touch: Disabled
 Parallel Workers: 13
 Concurrent Workers: 3
 Concurrent Refinement Workers: 13
 Periodic GC: Disabled
Heap:
 garbage-first heap   total 114688K, used 92453K [0x0000007000800000, 0x0000007400800000)
  region size 8192K, 7 young (57344K), 1 survivors (8192K)
 Metaspace       used 89618K, committed 90496K, reserved 1179648K
  class space    used 12536K, committed 12928K, reserved 1048576K
GC Heap History (20 events):
Event: 266.118 GC heap after
{Heap after GC invocations=26 (full 1):
 garbage-first heap   total 139264K, used 47938K [0x0000007000800000, 0x0000007400800000)
  region size 8192K, 2 young (16384K), 2 survivors (16384K)
 Metaspace       used 86442K, committed 87488K, reserved 1179648K
  class space    used 12167K, committed 12672K, reserved 1048576K
}
Event: 895.858 GC heap before
{Heap before GC invocations=26 (full 1):
 garbage-first heap   total 139264K, used 105282K [0x0000007000800000, 0x0000007400800000)
  region size 8192K, 9 young (73728K), 2 survivors (16384K)
 Metaspace       used 86463K, committed 87488K, reserved 1179648K
  class space    used 12171K, committed 12672K, reserved 1048576K
}
Event: 895.870 GC heap after
{Heap after GC invocations=27 (full 1):
 garbage-first heap   total 139264K, used 46867K [0x0000007000800000, 0x0000007400800000)
  region size 8192K, 1 young (8192K), 1 survivors (8192K)
 Metaspace       used 86463K, committed 87488K, reserved 1179648K
  class space    used 12171K, committed 12672K, reserved 1048576K
}
Event: 1327.707 GC heap before
{Heap before GC invocations=27 (full 1):
 garbage-first heap   total 139264K, used 79635K [0x0000007000800000, 0x0000007400800000)
  region size 8192K, 6 young (49152K), 1 survivors (8192K)
 Metaspace       used 86535K, committed 87616K, reserved 1179648K
  class space    used 12171K, committed 12672K, reserved 1048576K
}
Event: 1327.756 GC heap after
{Heap after GC invocations=28 (full 2):
 garbage-first heap   total 114688K, used 30926K [0x0000007000800000, 0x0000007400800000)
  region size 8192K, 0 young (0K), 0 survivors (0K)
 Metaspace       used 86408K, committed 87616K, reserved 1179648K
  class space    used 12142K, committed 12672K, reserved 1048576K
}
Event: 1328.057 GC heap before
{Heap before GC invocations=28 (full 2):
 garbage-first heap   total 114688K, used 88270K [0x0000007000800000, 0x0000007400800000)
  region size 8192K, 8 young (65536K), 0 survivors (0K)
 Metaspace       used 86862K, committed 87680K, reserved 1179648K
  class space    used 12218K, committed 12672K, reserved 1048576K
}
Event: 1328.059 GC heap after
{Heap after GC invocations=29 (full 2):
 garbage-first heap   total 114688K, used 38006K [0x0000007000800000, 0x0000007400800000)
  region size 8192K, 1 young (8192K), 1 survivors (8192K)
 Metaspace       used 86862K, committed 87680K, reserved 1179648K
  class space    used 12218K, committed 12672K, reserved 1048576K
}
Event: 1328.260 GC heap before
{Heap before GC invocations=30 (full 2):
 garbage-first heap   total 114688K, used 95350K [0x0000007000800000, 0x0000007400800000)
  region size 8192K, 8 young (65536K), 1 survivors (8192K)
 Metaspace       used 87514K, committed 88256K, reserved 1179648K
  class space    used 12277K, committed 12672K, reserved 1048576K
}
Event: 1328.261 GC heap after
{Heap after GC invocations=31 (full 2):
 garbage-first heap   total 114688K, used 41472K [0x0000007000800000, 0x0000007400800000)
  region size 8192K, 1 young (8192K), 1 survivors (8192K)
 Metaspace       used 87514K, committed 88256K, reserved 1179648K
  class space    used 12277K, committed 12672K, reserved 1048576K
}
Event: 1331.864 GC heap before
{Heap before GC invocations=31 (full 2):
 garbage-first heap   total 114688K, used 82432K [0x0000007000800000, 0x0000007400800000)
  region size 8192K, 7 young (57344K), 1 survivors (8192K)
 Metaspace       used 87693K, committed 88448K, reserved 1179648K
  class space    used 12306K, committed 12672K, reserved 1048576K
}
Event: 1331.921 GC heap after
{Heap after GC invocations=32 (full 3):
 garbage-first heap   total 114688K, used 35137K [0x0000007000800000, 0x0000007400800000)
  region size 8192K, 0 young (0K), 0 survivors (0K)
 Metaspace       used 87595K, committed 88448K, reserved 1179648K
  class space    used 12285K, committed 12672K, reserved 1048576K
}
Event: 1332.146 GC heap before
{Heap before GC invocations=32 (full 3):
 garbage-first heap   total 114688K, used 92481K [0x0000007000800000, 0x0000007400800000)
  region size 8192K, 7 young (57344K), 0 survivors (0K)
 Metaspace       used 87908K, committed 88640K, reserved 1179648K
  class space    used 12330K, committed 12672K, reserved 1048576K
}
Event: 1332.147 GC heap after
{Heap after GC invocations=33 (full 3):
 garbage-first heap   total 114688K, used 40433K [0x0000007000800000, 0x0000007400800000)
  region size 8192K, 1 young (8192K), 1 survivors (8192K)
 Metaspace       used 87908K, committed 88640K, reserved 1179648K
  class space    used 12330K, committed 12672K, reserved 1048576K
}
Event: 1332.313 GC heap before
{Heap before GC invocations=34 (full 3):
 garbage-first heap   total 114688K, used 89585K [0x0000007000800000, 0x0000007400800000)
  region size 8192K, 7 young (57344K), 1 survivors (8192K)
 Metaspace       used 88419K, committed 89152K, reserved 1179648K
  class space    used 12375K, committed 12736K, reserved 1048576K
}
Event: 1332.314 GC heap after
{Heap after GC invocations=35 (full 3):
 garbage-first heap   total 114688K, used 42673K [0x0000007000800000, 0x0000007400800000)
  region size 8192K, 1 young (8192K), 1 survivors (8192K)
 Metaspace       used 88419K, committed 89152K, reserved 1179648K
  class space    used 12375K, committed 12736K, reserved 1048576K
}
Event: 1332.476 GC heap before
{Heap before GC invocations=35 (full 3):
 garbage-first heap   total 114688K, used 83633K [0x0000007000800000, 0x0000007400800000)
  region size 8192K, 6 young (49152K), 1 survivors (8192K)
 Metaspace       used 88644K, committed 89408K, reserved 1179648K
  class space    used 12391K, committed 12736K, reserved 1048576K
}
Event: 1332.477 GC heap after
{Heap after GC invocations=36 (full 3):
 garbage-first heap   total 114688K, used 44869K [0x0000007000800000, 0x0000007400800000)
  region size 8192K, 1 young (8192K), 1 survivors (8192K)
 Metaspace       used 88644K, committed 89408K, reserved 1179648K
  class space    used 12391K, committed 12736K, reserved 1048576K
}
Event: 1376.912 GC heap before
{Heap before GC invocations=36 (full 3):
 garbage-first heap   total 114688K, used 77637K [0x0000007000800000, 0x0000007400800000)
  region size 8192K, 6 young (49152K), 1 survivors (8192K)
 Metaspace       used 89349K, committed 90176K, reserved 1179648K
  class space    used 12486K, committed 12864K, reserved 1048576K
}
Event: 1376.913 GC heap after
{Heap after GC invocations=37 (full 3):
 garbage-first heap   total 114688K, used 47274K [0x0000007000800000, 0x0000007400800000)
  region size 8192K, 1 young (8192K), 1 survivors (8192K)
 Metaspace       used 89349K, committed 90176K, reserved 1179648K
  class space    used 12486K, committed 12864K, reserved 1048576K
}
Event: 1697.714 GC heap before
{Heap before GC invocations=38 (full 3):
 garbage-first heap   total 114688K, used 88234K [0x0000007000800000, 0x0000007400800000)
  region size 8192K, 7 young (57344K), 1 survivors (8192K)
 Metaspace       used 89618K, committed 90496K, reserved 1179648K
  class space    used 12536K, committed 12928K, reserved 1048576K
}

